FF01a:  17:42:43-21:52:25
FF01b:  20:52:59-21:52:25
FF01c:  20:59:49-21:52:25
FF01d:  21:05:21-21:52:25
FF01e:  21:05:21-21:52:25
FF01f:  21:09:15-21:52:25
FF01g:  21:12:09-21:52:25
FF01h:  21:15:34-21:52:25

Log from 109ff01a.ads (includes all segments):
Version - 3.4.0
Time lag for ACINS enabled, with lag of -170 milliseconds.
Despiking enabled.
Time lag for ALT enabled, with lag of -60 milliseconds.
Time lag for PITCH enabled, with lag of 20 milliseconds.
Time lag for ROLL enabled, with lag of 20 milliseconds.
Time lag for THDG enabled, with lag of -140 milliseconds.
Time lag for VEW enabled, with lag of -140 milliseconds.
Time lag for VNS enabled, with lag of -140 milliseconds.
Time lag for VSPD enabled, with lag of -120 milliseconds.
Non-sequential time, moving up start time.
Request for non-existent default, GPS_UPFCTR.
Value set to 0.999444 in AMLIB function slatc.
Request for non-existent default, GPS_FCTRF.
Value set to 0.997000 in AMLIB function slatc.
Advancing past odd-ball time stamp:
  previous time = 18:03:17
       odd time = 17:42:55
Advancing past odd-ball time stamp:
  previous time = 18:03:17
       odd time = 17:42:56
    advanced to = 18:06:15
Time break of 177 seconds ending @ 18:06:15, filling in with MISSING_VALUE.
Advancing past odd-ball time stamp:
  previous time = 18:06:47
       odd time = 18:06:40
Advancing past odd-ball time stamp:
  previous time = 18:06:47
       odd time = 18:06:41
    advanced to = 18:07:22
Time break of 34 seconds ending @ 18:07:22, filling in with MISSING_VALUE.
Advancing past odd-ball time stamp:
  previous time = 18:08:46
       odd time = 18:07:24
Advancing past odd-ball time stamp:
  previous time = 18:08:46
       odd time = 18:07:25
Advancing past odd-ball time stamp:
  previous time = 18:08:46
       odd time = 18:07:26
    advanced to = 18:09:15
Time break of 28 seconds ending @ 18:09:15, filling in with MISSING_VALUE.
Advancing past odd-ball time stamp:
  previous time = 18:09:31
       odd time = 18:09:24
Advancing past odd-ball time stamp:
  previous time = 18:09:31
       odd time = 18:09:25
Advancing past odd-ball time stamp:
  previous time = 18:09:31
       odd time = 18:09:26
Advancing past odd-ball time stamp:
  previous time = 18:09:31
       odd time = 18:09:27
    advanced to = 18:10:17
Time break of 45 seconds ending @ 18:10:17, filling in with MISSING_VALUE.
Advancing past odd-ball time stamp:
  previous time = 18:28:43
       odd time = 18:10:10
Advancing past odd-ball time stamp:
  previous time = 18:28:43
       odd time = 18:10:11
Advancing past odd-ball time stamp:
  previous time = 18:28:43
       odd time = 18:10:12
Advancing past odd-ball time stamp:
  previous time = 18:28:43
       odd time = 18:10:13
    advanced to = 18:29:08
Time break of 24 seconds ending @ 18:29:08, filling in with MISSING_VALUE.
Time break of 10 seconds ending @ 20:52:23, filling in with MISSING_VALUE.
Advancing past odd-ball time stamp:
  previous time = 20:52:29
       odd time = 18:29:53
Advancing past odd-ball time stamp:
  previous time = 20:52:29
       odd time = 18:29:54
    advanced to = 20:52:53
Time break of 23 seconds ending @ 20:52:53, filling in with MISSING_VALUE.
Time break of 47 seconds ending @ 20:59:43, filling in with MISSING_VALUE.
Time break of 10 seconds ending @ 21:05:15, filling in with MISSING_VALUE.
Time break of 16 seconds ending @ 21:06:08, filling in with MISSING_VALUE.
Time break of 9 seconds ending @ 21:09:09, filling in with MISSING_VALUE.
Time break of 15 seconds ending @ 21:12:03, filling in with MISSING_VALUE.
Time break of 15 seconds ending @ 21:15:28, filling in with MISSING_VALUE.
Time interval(s) completed : 17:42:43-21:52:25
Processing took 0.5 minutes.

