RF01  Production:  9 January 1996 @ 11:53
DOUT1 has no description or units.
DOUT2 has no description or units.
TMP1 has no description or units.
Loading setup file: /home/local/proj/887/Production/Flight_1
Time interval(s) completed : 18:35:58-00:54:34
Processing took 2.2 minutes.

RF02  Production:  9 January 1996 @ 11:55
DOUT1 has no description or units.
DOUT2 has no description or units.
TMP1 has no description or units.
Loading setup file: /home/local/proj/887/Production/Flight_1
Time interval(s) completed : 19:15:49-01:04:40
Processing took 2.3 minutes.

RF03  Production:  9 January 1996 @ 12:11
DOUT1 has no description or units.
DOUT2 has no description or units.
TMP1 has no description or units.
Loading setup file: /home/local/proj/887/Production/Flight_1
Time interval(s) completed : 19:22:09-00:48:50
Processing took 2.0 minutes.

RF04  Production:  9 January 1996 @ 12:11
DOUT1 has no description or units.
DOUT2 has no description or units.
TMP1 has no description or units.
Loading setup file: /home/local/proj/887/Production/Flight_1
Time interval(s) completed : 19:50:35-21:42:57
Processing took 0.8 minutes.

RF05  Production:  9 January 1996 @ 12:15
DOUT1 has no description or units.
DOUT2 has no description or units.
TMP1 has no description or units.
Loading setup file: /home/local/proj/887/Production/Flight_5
Time interval(s) completed : 20:21:34-01:18:58
Processing took 1.7 minutes.

RF06  Production:  9 January 1996 @ 12:19
DOUT1 has no description or units.
DOUT2 has no description or units.
TMP1 has no description or units.
Loading setup file: /home/local/proj/887/Production/Flight_5
Time interval(s) completed : 19:21:07-01:20:21
Processing took 2.1 minutes.

RF07A  Production:  9 January 1996 @ 12:23
DOUT1 has no description or units.
DOUT2 has no description or units.
TMP1 has no description or units.
Loading setup file: /home/local/proj/887/Production/Flight_5
Time interval(s) completed : 18:58:55-23:07:33
Processing took 1.5 minutes.

RF07B  Production:  9 January 1996 @ 12:29
DOUT1 has no description or units.
DOUT2 has no description or units.
TMP1 has no description or units.
Loading setup file: /home/local/proj/887/Production/Flight_5
Time interval(s) completed : 23:52:50-02:50:53
Processing took 1.0 minutes.

RF08  Production:  9 January 1996 @ 12:32
DOUT1 has no description or units.
DOUT2 has no description or units.
TMP1 has no description or units.
Loading setup file: /home/local/proj/887/Production/Flight_5
Time interval(s) completed : 19:55:40-02:37:22
Processing took 2.2 minutes.

RF09A  Production:  9 January 1996 @ 12:37
DOUT1 has no description or units.
DOUT2 has no description or units.
TMP1 has no description or units.
Loading setup file: /home/local/proj/887/Production/Flight_5
Time interval(s) completed : 19:15:18-23:10:24
Processing took 1.4 minutes.

RF09B  Production:  9 January 1996 @ 12:39
DOUT1 has no description or units.
DOUT2 has no description or units.
TMP1 has no description or units.
Loading setup file: /home/local/proj/887/Production/Flight_5
Time interval(s) completed : 23:23:13-00:14:34
Processing took 0.3 minutes.

RF10  Production:  9 January 1996 @ 12:44
DOUT1 has no description or units.
DOUT2 has no description or units.
TMP1 has no description or units.
Loading setup file: /home/local/proj/887/Production/Flight_5
Time interval(s) completed : 19:24:12-02:57:14
Processing took 2.7 minutes.

RF11  Production:  9 January 1996 @ 12:47
DOUT1 has no description or units.
DOUT2 has no description or units.
TMP1 has no description or units.
Loading setup file: /home/local/proj/887/Production/Flight_5
Time interval(s) completed : 18:54:18-01:11:58
Processing took 2.4 minutes.

RF12  Production:  9 January 1996 @ 12:52
DOUT1 has no description or units.
DOUT2 has no description or units.
TMP1 has no description or units.
Loading setup file: /home/local/proj/887/Production/Flight_5
Time interval(s) completed : 18:51:04-02:00:46
Processing took 2.5 minutes.

RF13A  Production:  9 January 1996 @ 12:57
DOUT1 has no description or units.
DOUT2 has no description or units.
TMP1 has no description or units.
Loading setup file: /home/local/proj/887/Production/Flight_5
Time interval(s) completed : 20:13:51-02:05:01
Processing took 2.1 minutes.

RF12B  Production:  9 January 1996 @ 13:01
DOUT1 has no description or units.
DOUT2 has no description or units.
TMP1 has no description or units.
Loading setup file: /home/local/proj/887/Production/Flight_5
Loading setup file: /home/local/proj/887/Production/Flight_13B
Time interval(s) completed : 02:00:01-02:51:14
Processing took 1.2 minutes.

RF14  Production:  9 January 1996 @ 13:06
DOUT1 has no description or units.
DOUT2 has no description or units.
TMP1 has no description or units.
Loading setup file: /home/local/proj/887/Production/Flight_5
Time interval(s) completed : 19:07:17-02:06:57
Processing took 2.5 minutes.

RF15  Production:  9 January 1996 @ 13:09
DOUT1 has no description or units.
DOUT2 has no description or units.
TMP1 has no description or units.
Loading setup file: /home/local/proj/887/Production/Flight_5
Time interval(s) completed : 18:58:24-00:29:03
Processing took 2.0 minutes.
