Loading setup file: /home/local/proj/120/Production/Flight_17
Request for non-existent default, TWIRE_PMS1.
Despiking enabled.
Time interval(s) completed : 18:07:30-01:19:46
ADIFR: 7572 spikes removed with slope exceeding 0.250000
BDIFR: 17346 spikes removed with slope exceeding 0.200000
CNTS: 7606 spikes removed with slope exceeding 5000.000000
DPB: 9987 spikes removed with slope exceeding 0.050000
DPT: 45194 spikes removed with slope exceeding 0.050000
DTB: 28485 spikes removed with slope exceeding 0.010000
DTT: 450 spikes removed with slope exceeding 0.010000
FCN: 70184 spikes removed with slope exceeding 0.002000
IRB: 107924 spikes removed with slope exceeding 0.100000
IRT: 215552 spikes removed with slope exceeding 0.100000
PCN: 201320 spikes removed with slope exceeding 0.200000
PLWC: 23818 spikes removed with slope exceeding 0.050000
PSF: 6817 spikes removed with slope exceeding 0.100000
QCF: 15083 spikes removed with slope exceeding 0.150000
QCR: 16173 spikes removed with slope exceeding 0.150000
STB: 3165 spikes removed with slope exceeding 0.010000
STT: 320 spikes removed with slope exceeding 0.010000
SWB: 27891 spikes removed with slope exceeding 0.075000
SWT: 221467 spikes removed with slope exceeding 0.075000
TEMP1: 190596 spikes removed with slope exceeding 0.100000
TTRL: 25684 spikes removed with slope exceeding 0.020000
TTRR: 9970 spikes removed with slope exceeding 0.020000
TTWH: 8109 spikes removed with slope exceeding 0.020000
UVB: 40255 spikes removed with slope exceeding 0.015000
UVT: 41843 spikes removed with slope exceeding 0.015000
VLA: 72225 spikes removed with slope exceeding 0.005000
XKT: 63547 spikes removed with slope exceeding 0.400000
XKT1: 69500 spikes removed with slope exceeding 0.400000
PITCH: 176 spikes removed with slope exceeding 0.010000
ROLL: 63 spikes removed with slope exceeding 0.050000
THDG: 17 spikes removed with slope exceeding 0.200000
Processing took 6.2 minutes.

