GGLAT       deg     GPS Latitude                                                
GGLON       deg     GPS Longitude                                               
HGM232      M       Geometric (Radar) Altitude (APN-232)                        
CONCN       N/cm3   Condensation Nuclei (CN) Concentration                      
CONCP       N/cm3   PCAS Concentration (all cells)                              
CONC3       N/cm3   FSSP-300 Concentration (all cells)                          
CONCF       N/cm3   FSSP-100 Concentration (all cells)                          
ATX         C       Ambient Temperature, Reference                              
DPXC        C       Dew Point Temperature, Reference                            
RHUM        %       Relative Humidity                                           
MR          g/kg    Mixing Ratio, T-Electric                                    
PSXC        mbar    Corrected Static Pressure, Reference                        
WDC         deg     GPS-Corrected Horizontal Wind Direction                     
WSC         M/s     GPS-Corrected Horizontal Wind Speed                         
WIC         M/s     GPS-Corrected Wind Vector, Vertical Gust Component          
PALT        M       NACA Pressure Altitude                                      
VSPD        M/s     IRS-Computed Aircraft Vertical Velocity                     
THDG        deg     Aircraft True Heading Angle                                 
PITCH       deg     Aircraft Pitch Angle                                        
ROLL        deg     Aircraft Roll Angle                                         
TKAT        deg     IRS Track Angle, True                                       
GSF         M/s     Inertial Ground Speed                                       
