/jnet/productiondata/186ff01.cdf
/jnet/tmp/campos/186ff01.o3.cdf
Time interval(s) completed : 15:29:30-21:44:16
Processing took 0.7 minutes.


/jnet/productiondata/186rf01.cdf
/jnet/tmp/campos/186rf01.o3.cdf
Time interval(s) completed : 14:32:33-19:44:25
Processing took 0.5 minutes.


/jnet/productiondata/186rf02.cdf
/jnet/tmp/campos/186rf02.o3.cdf
Time interval(s) completed : 14:38:03-18:02:55
Processing took 0.4 minutes.


/jnet/productiondata/186rf03.cdf
/jnet/tmp/campos/186rf03.o3.cdf
Time interval(s) completed : 16:14:54-21:58:25
Processing took 0.7 minutes.


/jnet/productiondata/186rf04.cdf
/jnet/tmp/campos/186rf04.o3.cdf
Time interval(s) completed : 15:00:16-21:22:49
Processing took 1.4 minutes.


/jnet/productiondata/186rf05.cdf
/jnet/tmp/campos/186rf05.o3.cdf
Time interval(s) completed : 14:43:09-19:42:07
Processing took 0.5 minutes.


/jnet/productiondata/186rf06.cdf
/jnet/tmp/campos/186rf06.o3.cdf
Time interval(s) completed : 21:53:13-22:37:21
Processing took 0.1 minutes.


/jnet/productiondata/186rf07.cdf
/jnet/tmp/campos/186rf07.o3.cdf
Time interval(s) completed : 14:45:36-20:07:02
Processing took 0.6 minutes.


/jnet/productiondata/186rf08.cdf
/jnet/tmp/campos/186rf08.o3.cdf
Time interval(s) completed : 14:01:45-19:30:44
Processing took 0.6 minutes.


/jnet/productiondata/186rf09.cdf
/jnet/tmp/campos/186rf09.o3.cdf
Time interval(s) completed : 17:32:19-21:59:02
Processing took 0.7 minutes.


/jnet/productiondata/186ff02.cdf
/jnet/tmp/campos/186ff02.o3.cdf
Time interval(s) completed : 12:59:13-18:59:05
Processing took 1.3 minutes.

