Production log for NIMBUS LRT processing -- Project 4-818 BOREAS

RF01 Production:30 March 1995:same VLA cal as RF02
UT1 has no description or units.
DOUT2 has no description or units.
TEMP2 has no description or units.
TMP1 has no description or units.
OBBCOD has no description or units.
ODETDC has no description or units.
ODETSG has no description or units.
OGAIN has no description or units.
OSMOTR has no description or units.
OTBBC has no description or units.
OTBBF has no description or units.
OTBNCH has no description or units.
OTBOX has no description or units.
OTDET has no description or units.
OTSNT has no description or units.
OBBCR has no description or units.
ODETOF has no description or units.
ODSIGC has no description or units.
OGAINF has no description or units.
OTDETC has no description or units.
XO3FDG has no description or units.
Loading setup file: /home/local/proj/818/Production/Flight_1
Time interval(s) completed : 15:54:12-21:55:54
Processing took 11.2 minutes.
CPU time took 5.0 minutes.

RF02 Production:29 March 1995:VLA=CX(1)7.05;CX(2)1.0736:CX(3)0
DOUT1 has no description or units.
DOUT2 has no description or units.
TEMP2 has no description or units.
TMP1 has no description or units.
XO3FDG has no description or units.
Loading setup file: /home/local/proj/818/Production/Flight_2
Loading setup file: /home/local/proj/818/Production/Flight_5
Time interval(s) completed : 15:57:40-22:06:30
Processing took 5.0 minutes.
CPU time took 4.7 minutes.

RF03 Production:29 March 1995:same as RF05
DOUT1 has no description or units.
DOUT2 has no description or units.
TEMP2 has no description or units.
TMP1 has no description or units.
XO3FDG has no description or units.
Loading setup file: /home/local/proj/818/Production/Flight_5
Time interval(s) completed : 16:00:05-21:50:23
Processing took 6.2 minutes.
CPU time took 5.4 minutes.

RF04 Production:29 March 1995:same as RF05
DOUT1 has no description or units.
DOUT2 has no description or units.
TEMP2 has no description or units.
TMP1 has no description or units.
XO3FDG has no description or units.
Loading setup file: /home/local/proj/818/Production/Flight_5
Time interval(s) completed : 15:53:01-22:39:39
Processing took 5.4 minutes.
CPU time took 5.1 minutes.

RF05 Production:29 March 1995:same as RF06
DOUT1 has no description or units.
DOUT2 has no description or units.
TEMP2 has no description or units.
TMP1 has no description or units.
XO3FDG has no description or units.
Loading setup file: /home/local/proj/818/Production/Flight_6
Time interval(s) completed : 15:05:05-22:04:35
Processing took 6.6 minutes.
CPU time took 5.3 minutes.

RF06 Production:29 March 1995:same as RF07
DOUT1 has no description or units.
DOUT2 has no description or units.
TEMP2 has no description or units.
TMP1 has no description or units.
XO3FDG has no description or units.
Loading setup file: /home/local/proj/818/Production/Flight_7
Time interval(s) completed : 14:31:07-20:51:25
Processing took 5.2 minutes.
CPU time took 4.7 minutes.

RF07 Production:28 March 1995:same as RF08
DOUT1 has no description or units.
DOUT2 has no description or units.
TEMP2 has no description or units.
TMP1 has no description or units.
XO3FDG has no description or units.
Loading setup file: /home/local/proj/818/Production/Flight_8
Time interval(s) completed : 15:55:19-22:29:25
Processing took 5.0 minutes.
CPU time took 4.8 minutes.

RF08 Production:28 March 1995:DPX=DPTC,cx(1)=2.706,cx(2)=0.87105,cx(3)=0
DOUT1 has no description or units.
DOUT2 has no description or units.
TEMP2 has no description or units.
TMP1 has no description or units.
XO3FDG has no description or units.
Loading setup file: /home/local/proj/818/Production/Flight_8
Time interval(s) completed : 14:53:59-19:42:33
Processing took 3.8 minutes.
CPU time took 3.7 minutes.

RF09 Production:15 March 1995DOUT1 has no description or units.
DOUT2 has no description or units.
TEMP2 has no description or units.
TMP1 has no description or units.
DVALU has no description or units.
XO3FDG has no description or units.
Loading setup file: /home/local/proj/818/Production/Flight_10
Time interval(s) completed : 15:50:11-21:20:45
Processing took 5.0 minutes.
CPU time took 5.0 minutes.

RF10 Production:15 March 1995
DOUT1 has no description or units.
DOUT2 has no description or units.
TEMP2 has no description or units.
TMP1 has no description or units.
DVALU has no description or units.
XO3FDG has no description or units.
Loading setup file: /home/local/proj/818/Production/Flight_11
Time interval(s) completed : 16:29:51-22:49:17
Processing took 5.6 minutes.
CPU time took 4.9 minutes.

RF11 Production:15 March 1995
DOUT1 has no description or units.
DOUT2 has no description or units.
TEMP2 has no description or units.
TMP1 has no description or units.
DVALU has no description or units.
XO3FDG has no description or units.
Loading setup file: /home/local/proj/818/Production/Flight_12
Time interval(s) completed : 14:56:02-21:22:36
Processing took 4.6 minutes.
CPU time took 4.5 minutes.

RF12 Production:14 March 1995
DOUT1 has no description or units.
DOUT2 has no description or units.
TEMP2 has no description or units.
TMP1 has no description or units.
DVALU has no description or units.
XO3FDG has no description or units.
Loading setup file: /home/local/proj/818/Production/Flight_12
Time interval(s) completed : 15:20:53-22:37:51
Processing took 6.3 minutes.
CPU time took 5.3 minutes.

RF13 Production:27 March 1995(new VLA cal.,DPB primary sensor)
DOUT1 has no description or units.
DOUT2 has no description or units.
TEMP2 has no description or units.
TMP1 has no description or units.
XO3FDG has no description or units.
Loading setup file: /home/local/proj/818/Production/Flight_13
Time interval(s) completed : 15:57:51-21:25:25
Processing took 8.1 minutes.
CPU time took 4.8 minutes.

RF14 Production:27 March 1995,(new VLA cal. DPX=DPB)
DOUT1 has no description or units.
DOUT2 has no description or units.
TEMP2 has no description or units.
TMP1 has no description or units.
XO3FDG has no description or units.
Loading setup file: /home/local/proj/818/Production/Flight_14
Time interval(s) completed : 15:49:16-21:47:26
Processing took 4.5 minutes.
CPU time took 4.4 minutes

RF15 Production:28 March 1995,(new VLA cal,DPX=DPT)
DOUT1 has no description or units.
DOUT2 has no description or units.
TEMP2 has no description or units.
TMP1 has no description or units.
XO3FDG has no description or units.
Loading setup file: /home/local/proj/818/Production/Flight_17
Loading setup file: /home/local/proj/818/Production/Flight_15
Time interval(s) completed : 15:49:11-22:25:45
Processing took 6.0 minutes.
CPU time took 5.9 minutes.

RF16 Production:14 March 1995DOUT1 has no description or units.
DOUT2 has no description or units.
TEMP2 has no description or units.
TMP1 has no description or units.
DVALU has no description or units.
XO3FDG has no description or units.
Loading setup file: /home/local/proj/818/Production/Flight_16
Time interval(s) completed : 15:48:27-22:26:01
Processing took 5.1 minutes.
CPU time took 4.8 minutes

RF17 Production: 10 January 1995
Time lag for LAT enabled, with lag of 0.
Time lag for LON enabled, with lag of 0.
Time lag for GSF enabled, with lag of 0.
Time lag for PITCH enabled, with lag of 0.
Time lag for ROLL enabled, with lag of 0.
Time lag for THDG enabled, with lag of 0.
Time lag for ALT enabled, with lag of 0.
Time lag for ACINS enabled, with lag of 0.
Time lag for VSPD enabled, with lag of 0.
Time lag for VNS enabled, with lag of 0.
Time lag for VEW enabled, with lag of 0.
DOUT1 has no description or units.
DOUT2 has no description or units.
TA2D has no description or units.
TEMP2 has no description or units.
TLSI has no description or units.
TMP1 has no description or units.
TS2D has no description or units.
DVALU has no description or units.
FLXCO2CO2 has no description or units.
FLXO3O3 has no description or units.
FLXQQ has no description or units.
FLXTT has no description or units.
FLXUU has no description or units.
FLXVV has no description or units.
FLXWCO2 has no description or units.
FLXWO3 has no description or units.
FLXWQ has no description or units.
FLXWT has no description or units.
FLXWU has no description or units.
FLXWV has no description or units.
FLXWW has no description or units.
XO3FDG has no description or units.
Loading setup file: /home/local/proj/818/Production/Flight_17
Time interval(s) completed : 16:57:22-20:35:20
Processing took 5.0 minutes.

RF18 1/10/95
Time lag for LAT enabled, with lag of 0.
Time lag for LON enabled, with lag of 0.
Time lag for GSF enabled, with lag of 0.
Time lag for PITCH enabled, with lag of 0.
Time lag for ROLL enabled, with lag of 0.
Time lag for THDG enabled, with lag of 0.
Time lag for ALT enabled, with lag of 0.
Time lag for ACINS enabled, with lag of 0.
Time lag for VSPD enabled, with lag of 0.
Time lag for VNS enabled, with lag of 0.
Time lag for VEW enabled, with lag of 0.
DOUT1 has no description or units.
DOUT2 has no description or units.
TA2D has no description or units.
TEMP2 has no description or units.
TLSI has no description or units.
TMP1 has no description or units.
TS2D has no description or units.
DVALU has no description or units.
FLXCO2CO2 has no description or units.
FLXO3O3 has no description or units.
FLXQQ has no description or units.
FLXTT has no description or units.
FLXUU has no description or units.
FLXVV has no description or units.
FLXWCO2 has no description or units.
FLXWO3 has no description or units.
FLXWQ has no description or units.
FLXWT has no description or units.
FLXWU has no description or units.
FLXWV has no description or units.
FLXWW has no description or units.
XO3FDG has no description or units.
Loading setup file: /home/local/proj/818/Production/Flight_17
Loading setup file: /home/local/proj/818/Production/Flight_18
Time interval(s) completed : 15:54:32-22:00:14
Processing took 4.2 minutes.

RF19 1/09/95
Time lag for LAT enabled, with lag of 0.
Time lag for LON enabled, with lag of 0.
Time lag for GSF enabled, with lag of 0.
Time lag for PITCH enabled, with lag of 0.
Time lag for ROLL enabled, with lag of 0.
Time lag for THDG enabled, with lag of 0.
Time lag for ALT enabled, with lag of 0.
Time lag for ACINS enabled, with lag of 0.
Time lag for VSPD enabled, with lag of 0.
Time lag for VNS enabled, with lag of 0.
Time lag for VEW enabled, with lag of 0.
DOUT1 has no description or units.
DOUT2 has no description or units.
TA2D has no description or units.
TEMP2 has no description or units.
TLSI has no description or units.
TMP1 has no description or units.
TS2D has no description or units.
DVALU has no description or units.
FLXCO2CO2 has no description or units.
FLXO3O3 has no description or units.
FLXQQ has no description or units.
FLXTT has no description or units.
FLXUU has no description or units.
FLXVV has no description or units.
FLXWCO2 has no description or units.
FLXWO3 has no description or units.
FLXWQ has no description or units.
FLXWT has no description or units.
FLXWU has no description or units.
FLXWV has no description or units.
FLXWW has no description or units.
XO3FDG has no description or units.
Loading setup file: /home/local/proj/818/Production/Flight_17
Loading setup file: /home/local/proj/818/Production/Flight_19
Time interval(s) completed : 15:21:48-21:23:06
Processing took 7.9 minutes.

RF20 1/10/95
Time lag for LAT enabled, with lag of 0.
Time lag for LON enabled, with lag of 0.
Time lag for GSF enabled, with lag of 0.
Time lag for PITCH enabled, with lag of 0.
Time lag for ROLL enabled, with lag of 0.
Time lag for THDG enabled, with lag of 0.
Time lag for ALT enabled, with lag of 0.
Time lag for ACINS enabled, with lag of 0.
Time lag for VSPD enabled, with lag of 0.
Time lag for VNS enabled, with lag of 0.
Time lag for VEW enabled, with lag of 0.
DOUT1 has no description or units.
DOUT2 has no description or units.
TA2D has no description or units.
TEMP2 has no description or units.
TLSI has no description or units.
TMP1 has no description or units.
TS2D has no description or units.
DVALU has no description or units.
FLXCO2CO2 has no description or units.
FLXO3O3 has no description or units.
FLXQQ has no description or units.
FLXTT has no description or units.
FLXUU has no description or units.
FLXVV has no description or units.
FLXWCO2 has no description or units.
FLXWO3 has no description or units.
FLXWQ has no description or units.
FLXWT has no description or units.
FLXWU has no description or units.
FLXWV has no description or units.
FLXWW has no description or units.
XO3FDG has no description or units.
Loading setup file: /home/local/proj/818/Production/Flight_17
Loading setup file: /home/local/proj/818/Production/Flight_20
Time interval(s) completed : 14:54:27-21:10:25
Processing took 4.3 minutes.

RF21 1/10/95
Time lag for LAT enabled, with lag of 0.
Time lag for LON enabled, with lag of 0.
Time lag for GSF enabled, with lag of 0.
Time lag for PITCH enabled, with lag of 0.
Time lag for ROLL enabled, with lag of 0.
Time lag for THDG enabled, with lag of 0.
Time lag for ALT enabled, with lag of 0.
Time lag for ACINS enabled, with lag of 0.
Time lag for VSPD enabled, with lag of 0.
Time lag for VNS enabled, with lag of 0.
Time lag for VEW enabled, with lag of 0.
DOUT1 has no description or units.
DOUT2 has no description or units.
TA2D has no description or units.
TEMP2 has no description or units.
TLSI has no description or units.
TMP1 has no description or units.
TS2D has no description or units.
DVALU has no description or units.
FLXCO2CO2 has no description or units.
FLXO3O3 has no description or units.
FLXQQ has no description or units.
FLXTT has no description or units.
FLXUU has no description or units.
FLXVV has no description or units.
FLXWCO2 has no description or units.
FLXWO3 has no description or units.
FLXWQ has no description or units.
FLXWT has no description or units.
FLXWU has no description or units.
FLXWV has no description or units.
FLXWW has no description or units.
XO3FDG has no description or units.
Loading setup file: /home/local/proj/818/Production/Flight_17
Loading setup file: /home/local/proj/818/Production/Flight_21
Time interval(s) completed : 15:56:40-22:38:14
Processing took 10.1 minutes.

RF22 1/10/95
Time lag for LAT enabled, with lag of 0.
Time lag for LON enabled, with lag of 0.
Time lag for GSF enabled, with lag of 0.
Time lag for PITCH enabled, with lag of 0.
Time lag for ROLL enabled, with lag of 0.
Time lag for THDG enabled, with lag of 0.
Time lag for ALT enabled, with lag of 0.
Time lag for ACINS enabled, with lag of 0.
Time lag for VSPD enabled, with lag of 0.
Time lag for VNS enabled, with lag of 0.
Time lag for VEW enabled, with lag of 0.
DOUT1 has no description or units.
DOUT2 has no description or units.
TA2D has no description or units.
TEMP2 has no description or units.
TLSI has no description or units.
TMP1 has no description or units.
TS2D has no description or units.
DVALU has no description or units.
FLXCO2CO2 has no description or units.
FLXO3O3 has no description or units.
FLXQQ has no description or units.
FLXTT has no description or units.
FLXUU has no description or units.
FLXVV has no description or units.
FLXWCO2 has no description or units.
FLXWO3 has no description or units.
FLXWQ has no description or units.
FLXWT has no description or units.
FLXWU has no description or units.
FLXWV has no description or units.
FLXWW has no description or units.
XO3FDG has no description or units.
Loading setup file: /home/local/proj/818/Production/Flight_17
Loading setup file: /home/local/proj/818/Production/Flight_22
Time interval(s) completed : 16:57:20-22:26:50
Processing took 7.4 minutes.

RF23 1/10/95
Time lag for LAT enabled, with lag of 0.
Time lag for LON enabled, with lag of 0.
Time lag for GSF enabled, with lag of 0.
Time lag for PITCH enabled, with lag of 0.
Time lag for ROLL enabled, with lag of 0.
Time lag for THDG enabled, with lag of 0.
Time lag for ALT enabled, with lag of 0.
Time lag for ACINS enabled, with lag of 0.
Time lag for VSPD enabled, with lag of 0.
Time lag for VNS enabled, with lag of 0.
Time lag for VEW enabled, with lag of 0.
DOUT1 has no description or units.
DOUT2 has no description or units.
TA2D has no description or units.
TEMP2 has no description or units.
TLSI has no description or units.
TMP1 has no description or units.
TS2D has no description or units.
DVALU has no description or units.
FLXCO2CO2 has no description or units.
FLXO3O3 has no description or units.
FLXQQ has no description or units.
FLXTT has no description or units.
FLXUU has no description or units.
FLXVV has no description or units.
FLXWCO2 has no description or units.
FLXWO3 has no description or units.
FLXWQ has no description or units.
FLXWT has no description or units.
FLXWU has no description or units.
FLXWV has no description or units.
FLXWW has no description or units.
XO3FDG has no description or units.
Loading setup file: /home/local/proj/818/Production/Flight_17
Loading setup file: /home/local/proj/818/Production/Flight_23
Time interval(s) completed : 15:54:11-21:53:21
Processing took 4.4 minutes.

RF24 1/10/95
Time lag for LAT enabled, with lag of 0.
Time lag for LON enabled, with lag of 0.
Time lag for GSF enabled, with lag of 0.
Time lag for PITCH enabled, with lag of 0.
Time lag for ROLL enabled, with lag of 0.
Time lag for THDG enabled, with lag of 0.
Time lag for ALT enabled, with lag of 0.
Time lag for ACINS enabled, with lag of 0.
Time lag for VSPD enabled, with lag of 0.
Time lag for VNS enabled, with lag of 0.
Time lag for VEW enabled, with lag of 0.
DOUT1 has no description or units.
DOUT2 has no description or units.
TA2D has no description or units.
TEMP2 has no description or units.
TLSI has no description or units.
TMP1 has no description or units.
TS2D has no description or units.
DVALU has no description or units.
FLXCO2CO2 has no description or units.
FLXO3O3 has no description or units.
FLXQQ has no description or units.
FLXTT has no description or units.
FLXUU has no description or units.
FLXVV has no description or units.
FLXWCO2 has no description or units.
FLXWO3 has no description or units.
FLXWQ has no description or units.
FLXWT has no description or units.
FLXWU has no description or units.
FLXWV has no description or units.
FLXWW has no description or units.
XO3FDG has no description or units.
Loading setup file: /home/local/proj/818/Production/Flight_17
Loading setup file: /home/local/proj/818/Production/Flight_24
Time interval(s) completed : 15:19:41-21:21:03
Processing took 4.6 minutes

RF25 1/11/95
Time lag for LAT enabled, with lag of 0.
Time lag for LON enabled, with lag of 0.
Time lag for GSF enabled, with lag of 0.
Time lag for PITCH enabled, with lag of 0.
Time lag for ROLL enabled, with lag of 0.
Time lag for THDG enabled, with lag of 0.
Time lag for ALT enabled, with lag of 0.
Time lag for ACINS enabled, with lag of 0.
Time lag for VSPD enabled, with lag of 0.
Time lag for VNS enabled, with lag of 0.
Time lag for VEW enabled, with lag of 0.
DOUT1 has no description or units.
DOUT2 has no description or units.
TA2D has no description or units.
TEMP2 has no description or units.
TLSI has no description or units.
TMP1 has no description or units.
TS2D has no description or units.
DVALU has no description or units.
FLXCO2CO2 has no description or units.
FLXO3O3 has no description or units.
FLXQQ has no description or units.
FLXTT has no description or units.
FLXUU has no description or units.
FLXVV has no description or units.
FLXWCO2 has no description or units.
FLXWO3 has no description or units.
FLXWQ has no description or units.
FLXWT has no description or units.
FLXWU has no description or units.
FLXWV has no description or units.
FLXWW has no description or units.
XO3FDG has no description or units.
Loading setup file: /home/local/proj/818/Production/Flight_17
Loading setup file: /home/local/proj/818/Production/Flight_25
Time interval(s) completed : 15:55:45-22:35:43
Processing took 9.4 minutes.
