N130AR  1995-162 SCMS (Knight, Smith) Raw ADS Tape Log              RLR  960207

Flight   Date      Tape     Start     End       #     File Size
 No.   mm/dd/yyyy   No.     Time      Time     Recs    (Mbytes)   Comments
-----  ----------  -----  --------  --------  -----  -----------  --------------
TF01   07/14/1995  R0991  20:10:20  22:08:45    ?        ?
FF01A  07/16/1995  R0993  15:33:30  16:49:25
                          16:49:33  20:52:17  42727  1016.638200
FF01B  07/16/1995  R0994  20:58:38  21:13:14    999    19.520820
RF01   07/19/1995  R0995  15:01:20  16:39:53
                          16:40:00  17:54:51  11206   215.222424
RF02   07/20/1995  R0996  15:13:12  17:28:22   8136   150.523984
RF03   07/21/1995  R0997  14:21:22  17:06:14
                          17:06:22  18:34:10  15592   292.471888
RF04   07/22/1995  R0998  14:01:06  16:50:42  10309   191.794812
RF05   07/24/1995  R0999  12:58:44  13:42:56
                          13:43:51  16:14:03
                          16:14:50  16:56:36
                          16:57:11  17:57:48  22173   454.611180
RF06   07/26/1995  R1000  14:56:12  17:42:29  10005   185.091236
RF07   07/27/1995  R1001  13:53:21  14:42:13   2984    55.562944
RF08   07/28/1995  R1012  14:20:50  16:13:57   7860   156.235816
RF09   07/29/1995  R1013  16:22:17  17:52:00   6306   125.962480
RF10   07/31/1995  R1015  14:04:11  15:38:45   6894   139.898488
RF11   08/04/1995  R1017  13:01:49  16:48:54  14795   285.424172
RF12   08/05/1995  R1019  13:00:05  14:23:31
                          14:23:38  16:14:13
                          16:14:20  16:15:57  11913   221.752988
RF13   08/06/1995  R1020  12:49:50  15:00:57
                          15:01:05  17:08:57  16168   305.060336
RF14   08/07/1995  R1021  12:54:10  15:24:34   9042   167.239504
RF15   08/08/1995  R1022  13:50:16  15:03:13   4537    85.384020
RF16   08/10/1995  R1023  13:59:41  15:13:00
                          15:13:07  16:29:11
                          16:29:18  17:43:55  13558   251.591128
RF17   08/11/1995  R1024  13:13:48  16:06:55  10411   192.585412
RF18   08/12/1995  R1025  13:28:31  13:41:48
                          13:41:56  13:42:26
                          13:42:57  13:50:29
                          13:50:37  14:42:42   5000    98.259216
RF19   08/13/1995  R1026  13:22:26  15:32:21  21635   542.710492
RF20   08/13/1995  R1027  18:24:36  19:12:23   3278    64.704992
FF04   08/14/1995  R1028  15:42:20  19:41:49
                          19:41:56  21:17:35  34937   798.737084
