Flight #8, Project 127, 12/09/94, processed Oct 18 14:28 GMT 1995
Loading setup file: /home/local/proj/127/Production/Flight_8
Despike for CNTS enabled, with slope of 2500.000000.
Time interval(s) completed : 15:52:04-22:35:11
Processing took 5.6 minutes.

Flight #9, Project 127, 12/10/94, processed Oct 18 17:04 GMT 1995
Loading setup file: /home/local/proj/127/Production/Flight_8
Despike for CNTS enabled, with slope of 2500.000000.
Time interval(s) completed : 13:44:12-20:02:06
Processing took 5.5 minutes.

Flight #1, Project 127, 11/18/94, processed Oct 18 20:08 GMT 1995
Loading setup file: /home/local/proj/127/Production/Flight_8
Despike for CNTS enabled, with slope of 2500.000000.
Time interval(s) completed : 17:46:27-20:24:43
Processing took 1.9 minutes.

Flight #2, Project 127, 11/21/94, processed Oct 18 20:42 GMT 1995
Loading setup file: /home/local/proj/127/Production/Flight_2
Despike for CNTS enabled, with slope of 2500.000000.
Break in time sequence of 114 seconds, adding new time interval.
Time interval(s) completed : 12:57:30-16:26:23, 16:28:22-17:39:41
Processing took 3.9 minutes.

Flight #3, Project 127, 11/22/94, processed Oct 19 14:58 GMT 1995
Loading setup file: /home/local/proj/127/Production/Flight_8
Despike for CNTS enabled, with slope of 2500.000000.
Advancing past odd-ball time stamp:
  previous time = 13:36:51
       odd time = 13:36:50
Advancing past duplicate time stamp:
  previous time = 13:36:51
       odd time = 13:36:51
    advanced to = 13:36:54
Time break of 2 seconds ending @ 13:36:54, filling in with MISSING_VALUE.
Time interval(s) completed : 13:33:00-18:13:09
Processing took 5.8 minutes.

Flight #4, Project 127, 11/23/94, processed Oct 19 15:24 GMT 1995
Loading setup file: /home/local/proj/127/Production/Flight_8
Despike for CNTS enabled, with slope of 2500.000000.
Time interval(s) completed : 13:53:40-16:06:50
Processing took 1.7 minutes.


Flight #5, Project 127, 11/28/94, processed Oct 19 19:28 GMT 1995
Loading setup file: /home/local/proj/127/Production/Flight_2
Despike for CNTS enabled, with slope of 2500.000000.
Time interval(s) completed : 13:43:12-18:46:14
Processing took 3.8 minutes.


Flight #6, Project 127, 11/30/94, processed Oct 19 19:51 GMT 1995
Loading setup file: /home/local/proj/127/Production/Flight_2
Despike for CNTS enabled, with slope of 2500.000000.
Time interval(s) completed : 13:44:35-18:32:37
Processing took 4.0 minutes.

Flight #7, Project 127, 12/08/94, processed Oct 19 21:24 GMT 1995
Loading setup file: /home/local/proj/127/Production/Flight_2
Despike for CNTS enabled, with slope of 2500.000000.
Time interval(s) completed : 14:03:18-00:00:20
Processing took 8.4 minutes.

Flight #10, Project 127, 12/14/94, processed Oct 20 14:25 GMT 1995
Loading setup file: /home/local/proj/127/Production/Flight_8
Despike for CNTS enabled, with slope of 2500.000000.
Time interval(s) completed : 14:13:41-20:13:20
Processing took 4.6 minutes.

