RF09:  output file name:  /home/local/staticdata/870rf09h.cdf
Processing finished:  Wed Jan 25 16:37:34 MST 1995
DOUT1 has no description or units.
DOUT2 has no description or units.
TA2D has no description or units.
TLSI has no description or units.
TMP1 has no description or units.
TS2D has no description or units.
OBBCOD has no description or units.
ODETDC has no description or units.
ODETSG has no description or units.
OGAIN has no description or units.
OSMOTR has no description or units.
OTBBC has no description or units.
OTBBF has no description or units.
OTBNCH has no description or units.
OTBOX has no description or units.
OTDET has no description or units.
OTSNT has no description or units.
COCAL has no description or units.
COCOR has no description or units.
COZRO has no description or units.
DVALU has no description or units.
FLXQQ has no description or units.
FLXTT has no description or units.
FLXUU has no description or units.
FLXVV has no description or units.
FLXWQ has no description or units.
FLXWT has no description or units.
FLXWU has no description or units.
FLXWV has no description or units.
FLXWW has no description or units.
OBBCR has no description or units.
ODETOF has no description or units.
ODSIGC has no description or units.
OGAINF has no description or units.
OTDETC has no description or units.
PALTF has no description or units.
PTALT1 has no description or units.
PTALT2 has no description or units.
PTDST1 has no description or units.
PTDST2 has no description or units.
PTRAD1 has no description or units.
PTRAD2 has no description or units.
Loading setup file: /home/local/proj/870/Production/Flight_9
LoadSetup: can't find HI3.
Loading setup file: /home/local/proj/870/Production/Flight_9
LoadSetup: can't find HI3.
Loading setup file: /home/local/proj/870/Production/HRT.convert
Request for non-existent default, FLUX_RUN.
Time interval(s) completed : 17:04:57-19:40:43
Processing took 30.5 minutes.


RF11:  Processed:  20 January 1995 < 26:30 MST
       output file name:  /home/local/staticdata/870rf11h.cdf
DOUT1 has no description or units.
DOUT2 has no description or units.
TA2D has no description or units.
TLSI has no description or units.
TMP1 has no description or units.
TS2D has no description or units.
OBBCOD has no description or units.
ODETDC has no description or units.
ODETSG has no description or units.
OGAIN has no description or units.
OSMOTR has no description or units.
OTBBC has no description or units.
OTBBF has no description or units.
OTBNCH has no description or units.
OTBOX has no description or units.
OTDET has no description or units.
OTSNT has no description or units.
COCAL has no description or units.
COCOR has no description or units.
COZRO has no description or units.
DVALU has no description or units.
FLXQQ has no description or units.
FLXTT has no description or units.
FLXUU has no description or units.
FLXVV has no description or units.
FLXWQ has no description or units.
FLXWT has no description or units.
FLXWU has no description or units.
FLXWV has no description or units.
FLXWW has no description or units.
OBBCR has no description or units.
ODETOF has no description or units.
ODSIGC has no description or units.
OGAINF has no description or units.
OTDETC has no description or units.
PALTF has no description or units.
PTALT1 has no description or units.
PTALT2 has no description or units.
PTDST1 has no description or units.
PTDST2 has no description or units.
PTRAD1 has no description or units.
PTRAD2 has no description or units.
Loading setup file: /home/local/proj/870/Production/Flight_8
LoadSetup: can't find HI3.
Loading setup file: /home/local/proj/870/Production/HRT.convert
Request for non-existent default, FLUX_RUN.
Time interval(s) completed : 16:24:41-21:07:15
Processing took 52.5 minutes.
Completed:  Fri Jan 20 16:31:19 MST 1995


RF26: Processed: 11 January 1995 < 16:30 MST
Time lag for LAT enabled, with lag of 0.
Time lag for LON enabled, with lag of 0.
Time lag for GSF enabled, with lag of 0.
Time lag for PITCH enabled, with lag of 0.
Time lag for ROLL enabled, with lag of 0.
Time lag for THDG enabled, with lag of 0.
Time lag for ALT enabled, with lag of 0.
Time lag for ACINS enabled, with lag of 0.
Time lag for VSPD enabled, with lag of 0.
Time lag for VNS enabled, with lag of 0.
Time lag for VEW enabled, with lag of 0.
DOUT1 has no description or units.
DOUT2 has no description or units.
TA2D has no description or units.
TLSI has no description or units.
TMP1 has no description or units.
TS2D has no description or units.
OBBCOD has no description or units.
ODETDC has no description or units.
ODETSG has no description or units.
OGAIN has no description or units.
OSMOTR has no description or units.
OTBBC has no description or units.
OTBBF has no description or units.
OTBNCH has no description or units.
OTBOX has no description or units.
OTDET has no description or units.
OTSNT has no description or units.
COCAL has no description or units.
COCOR has no description or units.
COZRO has no description or units.
DVALU has no description or units.
FLXQQ has no description or units.
FLXTT has no description or units.
FLXUU has no description or units.
FLXVV has no description or units.
FLXWQ has no description or units.
FLXWT has no description or units.
FLXWU has no description or units.
FLXWV has no description or units.
FLXWW has no description or units.
OBBCR has no description or units.
ODETOF has no description or units.
ODSIGC has no description or units.
OGAINF has no description or units.
OTDETC has no description or units.
PALTF has no description or units.
PTALT1 has no description or units.
PTALT2 has no description or units.
PTDST1 has no description or units.
PTDST2 has no description or units.
PTRAD1 has no description or units.
PTRAD2 has no description or units.
Loading setup file: /home/local/proj/870/Production/Flight_30
Loading setup file: /home/local/proj/870/Production/HRT.convert
Request for non-existent default, FLUX_RUN.
Time interval(s) completed : 12:48:21-19:46:39
Processing took 1.31 hour(s).

RF26: Processed: 22 December 1994 @ 15:53.
      Output file name:  /home/local/staticdata/870rf26h.cdf
Time lag for LAT enabled, with lag of 0.
Time lag for LON enabled, with lag of 0.
Time lag for GSF enabled, with lag of 0.
Time lag for PITCH enabled, with lag of 0.
Time lag for ROLL enabled, with lag of 0.
Time lag for THDG enabled, with lag of 0.
Time lag for ALT enabled, with lag of 0.
Time lag for ACINS enabled, with lag of 0.
Time lag for VSPD enabled, with lag of 0.
Time lag for VNS enabled, with lag of 0.
Time lag for VEW enabled, with lag of 0.
DOUT1 has no description or units.
DOUT2 has no description or units.
TA2D has no description or units.
TLSI has no description or units.
TMP1 has no description or units.
TS2D has no description or units.
OBBCOD has no description or units.
ODETDC has no description or units.
ODETSG has no description or units.
OGAIN has no description or units.
OSMOTR has no description or units.
OTBBC has no description or units.
OTBBF has no description or units.
OTBNCH has no description or units.
OTBOX has no description or units.
OTDET has no description or units.
OTSNT has no description or units.
COCAL has no description or units.
COCOR has no description or units.
COZRO has no description or units.
DVALU has no description or units.
FLXQQ has no description or units.
FLXTT has no description or units.
FLXUU has no description or units.
FLXVV has no description or units.
FLXWQ has no description or units.
FLXWT has no description or units.
FLXWU has no description or units.
FLXWV has no description or units.
FLXWW has no description or units.
OBBCR has no description or units.
ODETOF has no description or units.
ODSIGC has no description or units.
OGAINF has no description or units.
OTDETC has no description or units.
PALTF has no description or units.
PTALT1 has no description or units.
PTALT2 has no description or units.
PTDST1 has no description or units.
PTDST2 has no description or units.
PTRAD1 has no description or units.
PTRAD2 has no description or units.
Loading setup file: /home/local/proj/870/Production/Flight_30
Request for non-existent default, FLUX_RUN.
Loading setup file: /home/local/proj/870/Production/HRT.convert
Time interval(s) completed : 12:48:21-19:46:39
Processing took 1.27 hour(s).
Processing finished 22 December 1994 @ 17:07.

RF26:  Reprocessed with NIMBUS Version 2.1.1
      Output file name:  /home/local/staticdata/870rf26h.cdf
(Bug in older version ignored changed dependencies in Flight_30 file.)
Finished before Tue Feb  7 16:06:55 MST 1995
DOUT1 has no description or units.
DOUT2 has no description or units.
TMP1 has no description or units.
OBBCOD has no description or units.
ODETDC has no description or units.
ODETSG has no description or units.
OGAIN has no description or units.
OSMOTR has no description or units.
OTBBC has no description or units.
OTBBF has no description or units.
OTBNCH has no description or units.
OTBOX has no description or units.
OTDET has no description or units.
OTSNT has no description or units.
DVALU has no description or units.
OBBCR has no description or units.
ODETOF has no description or units.
ODSIGC has no description or units.
OGAINF has no description or units.
OTDETC has no description or units.
Loading setup file: /home/local/proj/870/Production/Flight_30
Loading setup file: /home/local/proj/870/Production/HRT.convert
Request for non-existent default, FLUX_RUN.
Time interval(s) completed : 12:48:21-19:46:39
Processing took 1.27 hour(s).
CPU time took -5.7 minutes.  (Counter rolled over, so this is inaccurate.)


RF27:  output file name:  /home/local/staticdata/870rf27h.cdf
Time lag for LAT enabled, with lag of 0.
Time lag for LON enabled, with lag of 0.
Time lag for GSF enabled, with lag of 0.
Time lag for PITCH enabled, with lag of 0.
Time lag for ROLL enabled, with lag of 0.
Time lag for THDG enabled, with lag of 0.
Time lag for ALT enabled, with lag of 0.
Time lag for ACINS enabled, with lag of 0.
Time lag for VSPD enabled, with lag of 0.
Time lag for VNS enabled, with lag of 0.
Time lag for VEW enabled, with lag of 0.
DOUT1 has no description or units.
DOUT2 has no description or units.
TA2D has no description or units.
TLSI has no description or units.
TMP1 has no description or units.
TS2D has no description or units.
OBBCOD has no description or units.
ODETDC has no description or units.
ODETSG has no description or units.
OGAIN has no description or units.
OSMOTR has no description or units.
OTBBC has no description or units.
OTBBF has no description or units.
OTBNCH has no description or units.
OTBOX has no description or units.
OTDET has no description or units.
OTSNT has no description or units.
COCAL has no description or units.
COCOR has no description or units.
COZRO has no description or units.
DVALU has no description or units.
FLXQQ has no description or units.
FLXTT has no description or units.
FLXUU has no description or units.
FLXVV has no description or units.
FLXWQ has no description or units.
FLXWT has no description or units.
FLXWU has no description or units.
FLXWV has no description or units.
FLXWW has no description or units.
OBBCR has no description or units.
ODETOF has no description or units.
ODSIGC has no description or units.
OGAINF has no description or units.
OTDETC has no description or units.
PALTF has no description or units.
PTALT1 has no description or units.
PTALT2 has no description or units.
PTDST1 has no description or units.
PTDST2 has no description or units.
PTRAD1 has no description or units.
PTRAD2 has no description or units.
Loading setup file: /home/local/proj/870/Production/Flight_20
LoadSetup: can't find HI3.
Loading setup file: /home/local/proj/870/Production/HRT.convert
Request for non-existent default, FLUX_RUN.
Time interval(s) completed : 13:00:50-16:26:00
Processing took 36.7 minutes.
Processing completed before Tue Jan 10 11:47:28 MST 1995.


RF27 Reprocessed:  13 January 1995
Time lag for LAT enabled, with lag of 0.
Time lag for LON enabled, with lag of 0.
Time lag for GSF enabled, with lag of 0.
Time lag for PITCH enabled, with lag of 0.
Time lag for ROLL enabled, with lag of 0.
Time lag for THDG enabled, with lag of 0.
Time lag for ALT enabled, with lag of 0.
Time lag for ACINS enabled, with lag of 0.
Time lag for VSPD enabled, with lag of 0.
Time lag for VNS enabled, with lag of 0.
Time lag for VEW enabled, with lag of 0.
DOUT1 has no description or units.
DOUT2 has no description or units.
TA2D has no description or units.
TLSI has no description or units.
TMP1 has no description or units.
TS2D has no description or units.
OBBCOD has no description or units.
ODETDC has no description or units.
ODETSG has no description or units.
OGAIN has no description or units.
OSMOTR has no description or units.
OTBBC has no description or units.
OTBBF has no description or units.
OTBNCH has no description or units.
OTBOX has no description or units.
OTDET has no description or units.
OTSNT has no description or units.
COCAL has no description or units.
COCOR has no description or units.
COZRO has no description or units.
DVALU has no description or units.
FLXQQ has no description or units.
FLXTT has no description or units.
FLXUU has no description or units.
FLXVV has no description or units.
FLXWQ has no description or units.
FLXWT has no description or units.
FLXWU has no description or units.
FLXWV has no description or units.
FLXWW has no description or units.
OBBCR has no description or units.
ODETOF has no description or units.
ODSIGC has no description or units.
OGAINF has no description or units.
OTDETC has no description or units.
PALTF has no description or units.
PTALT1 has no description or units.
PTALT2 has no description or units.
PTDST1 has no description or units.
PTDST2 has no description or units.
PTRAD1 has no description or units.
PTRAD2 has no description or units.
Loading setup file: /home/local/proj/870/Production/Flight_20
LoadSetup: can't find HI3.
Loading setup file: /home/local/proj/870/Production/HRT.convert
Request for non-existent default, FLUX_RUN.
Time interval(s) completed : 13:00:50-16:26:00
Processing took 40.2 minutes.


RF28:  output file name:  /home/local/staticdata/870rf28h.cdf
Time lag for LAT enabled, with lag of 0.
Time lag for LON enabled, with lag of 0.
Time lag for GSF enabled, with lag of 0.
Time lag for PITCH enabled, with lag of 0.
Time lag for ROLL enabled, with lag of 0.
Time lag for THDG enabled, with lag of 0.
Time lag for ALT enabled, with lag of 0.
Time lag for ACINS enabled, with lag of 0.
Time lag for VSPD enabled, with lag of 0.
Time lag for VNS enabled, with lag of 0.
Time lag for VEW enabled, with lag of 0.
DOUT1 has no description or units.
DOUT2 has no description or units.
TA2D has no description or units.
TLSI has no description or units.
TMP1 has no description or units.
TS2D has no description or units.
OBBCOD has no description or units.
ODETDC has no description or units.
ODETSG has no description or units.
OGAIN has no description or units.
OSMOTR has no description or units.
OTBBC has no description or units.
OTBBF has no description or units.
OTBNCH has no description or units.
OTBOX has no description or units.
OTDET has no description or units.
OTSNT has no description or units.
COCAL has no description or units.
COCOR has no description or units.
COZRO has no description or units.
DVALU has no description or units.
FLXQQ has no description or units.
FLXTT has no description or units.
FLXUU has no description or units.
FLXVV has no description or units.
FLXWQ has no description or units.
FLXWT has no description or units.
FLXWU has no description or units.
FLXWV has no description or units.
FLXWW has no description or units.
OBBCR has no description or units.
ODETOF has no description or units.
ODSIGC has no description or units.
OGAINF has no description or units.
OTDETC has no description or units.
PALTF has no description or units.
PTALT1 has no description or units.
PTALT2 has no description or units.
PTDST1 has no description or units.
PTDST2 has no description or units.
PTRAD1 has no description or units.
PTRAD2 has no description or units.
Loading setup file: /home/local/proj/870/Production/Flight_30
Loading setup file: /home/local/proj/870/Production/HRT.convert
Request for non-existent default, FLUX_RUN.
Time interval(s) completed : 18:43:16-21:59:34
Processing took 37.3 minutes.
Processing completed before Wed Jan 11 11:43:13 MST 1995.

RF28:  Reprocessed with NIMBUS version 2.1.1 before Fri Feb 17 16:56:32 MST 1995
       output file name:  /home/local/data/production/870rf28h.cdf
DOUT1 has no description or units.
DOUT2 has no description or units.
TMP1 has no description or units.
OBBCOD has no description or units.
ODETDC has no description or units.
ODETSG has no description or units.
OGAIN has no description or units.
OSMOTR has no description or units.
OTBBC has no description or units.
OTBBF has no description or units.
OTBNCH has no description or units.
OTBOX has no description or units.
OTDET has no description or units.
OTSNT has no description or units.
DVALU has no description or units.
OBBCR has no description or units.
ODETOF has no description or units.
ODSIGC has no description or units.
OGAINF has no description or units.
OTDETC has no description or units.
Loading setup file: /home/local/proj/870/Production/Flight_30
Loading setup file: /home/local/proj/870/Production/HRT.convert
Request for non-existent default, FLUX_RUN.
Time interval(s) completed : 18:43:16-21:59:34
Processing took 35.5 minutes.
CPU time took 31.2 minutes.



RF33:  output file name:  /home/local/staticdata/870rf33h.cdf
Processing began Tue Jan 24 15:07:41 MST 1995
DOUT1 has no description or units.
DOUT2 has no description or units.
TA2D has no description or units.
TLSI has no description or units.
TMP1 has no description or units.
TS2D has no description or units.
OBBCOD has no description or units.
ODETDC has no description or units.
ODETSG has no description or units.
OGAIN has no description or units.
OSMOTR has no description or units.
OTBBC has no description or units.
OTBBF has no description or units.
OTBNCH has no description or units.
OTBOX has no description or units.
OTDET has no description or units.
OTSNT has no description or units.
COCAL has no description or units.
COCOR has no description or units.
COZRO has no description or units.
DVALU has no description or units.
FLXQQ has no description or units.
FLXTT has no description or units.
FLXUU has no description or units.
FLXVV has no description or units.
FLXWQ has no description or units.
FLXWT has no description or units.
FLXWU has no description or units.
FLXWV has no description or units.
FLXWW has no description or units.
OBBCR has no description or units.
ODETOF has no description or units.
ODSIGC has no description or units.
OGAINF has no description or units.
OTDETC has no description or units.
PALTF has no description or units.
PTALT1 has no description or units.
PTALT2 has no description or units.
PTDST1 has no description or units.
PTDST2 has no description or units.
PTRAD1 has no description or units.
PTRAD2 has no description or units.
Loading setup file: /home/local/proj/870/Production/Flight_31
LoadSetup: can't find HI3.
Loading setup file: /home/local/proj/870/Production/HRT.convert
Request for non-existent default, FLUX_RUN.
Time interval(s) completed : 13:10:09-16:15:03
Processing took 36.4 minutes.
Processing finished before 16:00

RF34:  output file name:  /home/local/staticdata/870rf34h.cdf
Processing began:  Wed Jan 25 14:47:48 MST 1995
Processing ended:  Wed Jan 25 15:26:55 MST 1995
DOUT1 has no description or units.
DOUT2 has no description or units.
TA2D has no description or units.
TLSI has no description or units.
TMP1 has no description or units.
TS2D has no description or units.
OBBCOD has no description or units.
ODETDC has no description or units.
ODETSG has no description or units.
OGAIN has no description or units.
OSMOTR has no description or units.
OTBBC has no description or units.
OTBBF has no description or units.
OTBNCH has no description or units.
OTBOX has no description or units.
OTDET has no description or units.
OTSNT has no description or units.
COCAL has no description or units.
COCOR has no description or units.
COZRO has no description or units.
DVALU has no description or units.
FLXQQ has no description or units.
FLXTT has no description or units.
FLXUU has no description or units.
FLXVV has no description or units.
FLXWQ has no description or units.
FLXWT has no description or units.
FLXWU has no description or units.
FLXWV has no description or units.
FLXWW has no description or units.
OBBCR has no description or units.
ODETOF has no description or units.
ODSIGC has no description or units.
OGAINF has no description or units.
OTDETC has no description or units.
PALTF has no description or units.
PTALT1 has no description or units.
PTALT2 has no description or units.
PTDST1 has no description or units.
PTDST2 has no description or units.
PTRAD1 has no description or units.
PTRAD2 has no description or units.
Loading setup file: /home/local/proj/870/Production/Flight_31
LoadSetup: can't find HI3.
Loading setup file: /home/local/proj/870/Production/HRT.convert
Request for non-existent default, FLUX_RUN.
Time interval(s) completed : 17:06:37-20:31:39
Processing took 39.4 minutes.
