GGLAT       deg     GPS Latitude                                                
GGLON       deg     GPS Longitude                                               
ATX         C       Ambient Temperature, Reference                              
DPXC        C       Dew Point Temperature, Reference                            
PSFDC       mbar    Corrected Static Pressure, Fuselage Digital                 
THDG        deg     Aircraft True Heading Angle                                 
PITCH       deg     Aircraft Pitch Angle                                        
ROLL        deg     Aircraft Roll Angle                                         
TKAT        deg     IRS Track Angle, True                                       
VEWC        M/s     GPS-Corrected Inertial Ground Speed Vector, East Component  
VNSC        M/s     GPS-Corrected Inertial Ground Speed Vector, North Component 
WP3         M/s     Damped Aircraft Vertical Velocity                           
TASR        M/s     Aircraft True Airspeed, Radome                              
ATTACK      deg     Attack Angle, Reference                                     
SSLIP       deg     Sideslip Angle, Reference                                   
PALT        M       NACA Pressure Altitude                                      
HGM232      M       Geometric (Radar) Altitude (APN-232)                        
WSC         M/s     GPS-Corrected Horizontal Wind Speed                         
WDC         deg     GPS-Corrected Horizontal Wind Direction                     
WI          M/s     Wind Vector, Vertical Gust Component                        
PLWCC       g/M3    Corrected PMS-King Liquid Water Content                     
CONCF       N/cm3   FSSP-100 Concentration (all cells)                          
CONCN       N/cm3   Condensation Nuclei (CN) Concentration                      
RICE        Vdc     Raw Icing-Rate Indicator                                    
NLWCC       g/M3    Corrected Nevzorov Liquid Water Content                     
NTWCC       g/M3    Corrected Nevzorov Total Water Content                      
CROLL       deg     CMIGITS-III Aircraft Roll Angle                             
CPITCH      deg     CMIGITS-III Aircraft Pitch Angle                            
CTHDG       deg     CMIGITS-III Aircraft True Heading Angle                     
LHHI        Vdc     TDL Hygrometer, High Bit                                   
LHLO        Vdc     TDL Hygrometer, Low Bit                                    
