Version 1, with 245 records.
A200X        cnts   200X Raw Counts                            0.0    0.0
A200Y        cnts   200Y Raw Counts                            0.0    0.0
A260X        cnts   260X Raw Counts                            0.0    0.0
ACINS        M/s2   Aircraft Vertical Acceleration            10.0
ADIF         mb     Vertical Differential Press, Boom        -20.0   20.0
ADIFR        mbar   Vertical Differential Presr, Radome      -20.0   20.0
AF300        cnts   FSSP-300 Raw Counts                        0.0    0.0
AFSSP        cnts   FSSP-100 Raw Counts                        0.0    0.0
AKDF         deg    Attack Angle, Boom Diff. Pressure          5.0
AKRD         deg    Attack Angle, (Radome Diff. Presr.)        5.0
APCAS        cnts   PCAS Raw Counts                            0.0    0.0
ATB          C      Ambient Temperature, Radome               10.0
ATF          oC     Ambient Temperature, Fuselage             10.0
ATFH         oC     Ambient Temperature, Heated - Fuselage    10.0
ATRF         C      Ambient Temperature, Reverse Flow         10.0
ATW          C      Ambient Temperature, Wing                 10.0
ATWH         oC     Ambient Temperature, Heated - Wing        10.0
ATX          C      Ambient Temperature, Reference             0.0
BDIF         mb     Horizontal Differential Press, Boom      -20.0   20.0
BDIFR        mbar   Horizontal Differential Presr, Radome    -20.0   20.0
C200X        n/l    200X Corrected Conc.                       0.0    0.0
C200Y        n/l    200Y Corrected Conc.                       0.0    0.0
C260X        n/l    260X Corrected Conc.                       0.0    0.0
CF300        n/cm3  FSSP-300 Corrected Conc.                   0.0    0.0
CFSSP        n/cm3  FSSP-100 Corrected Conc.                   0.0    0.0
CGSF         m/s    LORANC Ground Speed                       25.0
CH4          ppb    Methane Concentration                    100.0
CHGME        deg    Coarse Geometric Altitude (APN-159)        0.0  360.0
CLAT         deg    LORANC Latitude                            1.0
CLON         deg    LORANC Longitude                           1.0
CMODE        Vdc    Carbon Monoxide Analyzer Status            0.0   10.0
CNTS         counts CN Raw Counts                              0.0
CO           ppb    Carbon Monoxide Concentration            100.0
CON2C1       N/L    2D-C Probe Concentration                1000.0
CON2P1       N/L    2D-P Probe Concentration                   0.0   50.0
CONC3        N/cm3  FSSP-300 Probe Concentration               0.0 2000.0
CONC6        N/cm3  260X Probe Concentration                1000.0
CONCA        N/cm3  PCAS Probe Concentration                   0.0 2000.0
CONCF        N/cm3  FSSP-100 Probe Concentration               0.0 1000.0
CONCN        N/cm3  Condensation Nuclei (CN) Conc.           500.0
CONCX        N/L    200X Probe Concentration                1000.0
CONCY        N/L    200Y Probe Concentration                   0.0   50.0
CPCAS        n/cm3  PCAS Corrected Conc.                       0.0    0.0
DBAR3        æm     FSSP-300 Mean Particle Diameter            0.0    1.0
DBAR6        æm     260X Mean Particle Diameter                0.0  300.0
DBARA        æm     PCAS Mean Particle Diameter                0.0    1.0
DBARF        æm     FSSP-100 Mean Particle Diameter            0.0   40.0
DBARX        æm     200X Mean Particle Diameter                0.0  300.0
DBARY        æm     200Y Mean Particle Diameter                0.0 3000.0
DEI          km     Distance East of Reference               100.0
DNI          km     Distance North of Reference              100.0
DPB          C      Dew/Frost Point Temperature, Fuse. Bot    10.0
DPBC         C      Dew Point Temperature, T-Electric - bot   10.0
DPCRC        oC     Dew Point Temperature, Cryogenic          10.0
DPT          C      Dew/Frost Point Temperature, Fuse. Top    10.0
DPTC         C      Dew Point Temperature, T-Electric - top   10.0
DPXC         C      Dew Point Temperature, Reference           0.0
DTB          oC     Bottom Pyrgeometer Dome Temperature       10.0
DTT          oC     Top Pyrgeometer Dome Temperature          10.0
DVALU        m      D-Value (HGME - PALT)                    100.0
EDPC         mbar   Ambient Vapor Pressure, Reference          0.0
EV1          N      Event Pad Markers                          5.0
FACT         ---    FSSP-100 Activity Fraction                 0.0 1000.0
FBMFR        ---    FSSP-100 Beam Fraction                     0.0    1.0
FCN          slpm   Raw CN Counter Sample Flow Rate            0.0    5.0
FCNC         vlpm   Corrected CN Counter Sample Flow Rate      0.0    5.0
FMB          KVm-1  Field Mill Output, Bot. Fuselage         100.0
FMRB         KVm-1  Field Mill Output, Bot. Radome           100.0
FMRL         KVm-1  Field Mill Output, Left Radome           100.0
FMRR         KVm-1  Field Mill Output, Right Radome          100.0
FMRT         KVm-1  Field Mill Output, Top Radome            100.0
FMT          KVm-1  Field Mill Output, Top Fuselage          100.0
FPCRC        oC     Frost Point Temperature, Cryogenic        10.0
FRANGE       ---    FSSP-100 Range                             0.0    4.0
FRESET       cnts   FSSP-100 Fast Resets                       0.0 1000.0
FSTROB       cnts   FSSP-100 Fast Strobes                      0.0 10000.0
FZV          Vdc    Fixed Zero Voltage                         5.0
GALT         m      GPS Derived Altitude                    1000.0
GGSF         m/s    GPS Ground Speed                          25.0
GLAT         deg    GPS Latitude                               1.0
GLON         deg    GPS Longitude                              1.0
GSF          M/s    IRS Platform Ground Speed                 25.0
GVEW         m/s    GPS Ground Speed Vector, East Comp.       50.0
GVNS         m/s    GPS Ground Speed Vector, North Comp.      50.0
HGM          m      Geometric (Radio) Altitude                 0.0  800.0
HGME         M      Geometric (Radar) Altitude (APN-159)    1000.0
HI3          m      Pressure Damped Inertial Altitude       1000.0
HOUR         hours  Raw Tape Time                              0.0
HVLT         KVdc   High Voltage Skin Charge                 100.0
IRB          W/m2   Raw Infrared Irradiance, Bottom          100.0
IRBC         W/m2   Corrected Infrared Irradiance, Bot         0.0  500.0
IRT          W/m2   Raw Infrared Irradiance, Top             100.0
IRTC         W/m2   Corrected Infrared Irradiance, Top         0.0  500.0
LAT          deg    Inertial Latitude                          1.0
LON          deg    Inertial Longitude                         1.0
LWC          g/m3   Raw C-T Liquid Water Content               1.2
LWCC         g/m3   Corrected C-T Liquid Water                 0.0    2.5
MINUTE       minute Raw Tape Time                              0.0
MR           g/kg   Mixing Ratio: T-Electric                   5.0
MRCR         g/kg   Mixing Ratio: Cryogenic                    5.0
MRLA         g/kg   Mixing Ratio: Lyman-alpha                  5.0
NMODE        Vdc    NO - NOY Analyzer Mode Status              0.0    5.0
NO           Vdc    Nitric Oxide Concentration                 0.0   10.0
NOC          ppb    Corrected Nitric Oxide Conc.             100.0
NOF          sccm   NO - NOY Detector - Sample Flow          500.0
NOY          Vdc    Oxides of Nitrogen Concentration           0.0   10.0
NOYC         ppb    Corrected Oxides of Nitrogen Conc.       100.0
NOZF         sccm   Ozonizer Flow Rate / NO - NOY            100.0
NSYS         Vdc    NO - NOY Analyzer System Monitor           0.0   10.0
O3CF         slpm   Chemiluminescent Ozone Sample Flow         1.0
O3CP         mb     Chemiluminescent Ozone Sample Press      150.0
O3CS         Vdc    Raw Chemilum. Ozone Output                 0.0   10.0
O3CSC        ppb    Corrected Chemilum. Ozone Conc.            0.0  150.0
O3FF         slpm   Fast Response Ozone Sample Flow            1.0
O3FN         sccm   Fast Response Ozone Nitric Oxide Flow      1.0
O3FP         mb     Fast Response Ozone Sample Pressure      150.0
O3FS         Vdc    Raw Fast Response Ozone Output             0.0   10.0
O3FSC        ppb    Corrected Fast Response O3 Conc.           0.0  150.0
PACT         cnts   PSAS Raw Activity                        500.0
PALT         M      NACA Pressure Altitude                  1000.0
PCAB         mb     Interior Cabin Static Pressure           150.0
PCN          mbar   CN Counter Inlet Pressure                150.0
PERFA        slpm   Hydrogen Peroxide Sample Flow A            1.0
PERFB        slpm   Hydrogen Peroxide Sample Flow B            1.0
PERLM        Vdc    Hydrogen Peroxide Lamp Intensity           0.0   10.0
PERSA        Vdc    Hydrogen Peroxide Signal A                 0.0   10.0
PERSB        Vdc    Hydrogen Peroxide Signal B                 0.0   10.0
PITCH        deg    Aircraft Pitch Angle                     -10.0   10.0
PLWC         W      Raw PMS-King Liquid Water Content          0.0   10.0
PLWC3        g/m3   FSSP-300 Water/Ice Content                 0.0    2.5
PLWC6        g/m3   260X Water/Ice Content                     0.0    2.5
PLWCC        g/m3   Corrected PMS-King Liquid Water            0.0    2.5
PLWCF        g/m3   FSSP-100 Water/Ice Content                 0.0    2.5
PLWCX        g/m3   200X Water/Ice Content                     0.0    2.5
PLWCY        g/m3   200Y Water/Ice Content                     0.0    2.5
PMODE        Vdc    Hydrogen Peroxide Analyzer Status          0.0   10.0
PSB          mb     Raw Static Pressure, Boom                150.0
PSBC         mb     Corrected Static Pressure, Boom          150.0
PSF          mb     Raw Static Pressure, Fuselage            150.0
PSFC         mb     Corrected Static Pressure, Fuselage      150.0
PSFD         mbar   Raw Static Pressure, (digital) Fuse.     150.0
PSFDC        mbar   Corrected Static Pressure, Fuse.(DI)     150.0
PSURF        mb     Calculated Surface Pressure              900.0 1050.0
PSW          mbar   Raw Static Pressure, Wing                150.0
PSWC         mbar   Corrected Static Pressure, Wing          150.0
PSX          mbar   Raw Static Pressure, Reference             0.0
PSXC         mbar   Corrected Static Pressure, Reference       0.0
PTIME        s      Processor Time                             0.0    0.0
QCB          mb     Raw Dynamic Pressure, Boom                10.0
QCBC         mb     Corrected Dynamic Pressure, Boom          10.0
QCF          mbar   Raw Dynamic Pressure, Fuselage            10.0
QCFC         mbar   Corrected Dynamic Pressure, Fuse.         10.0
QCR          mbar   Raw Dynamic Pressure, Radome              10.0
QCRC         mbar   Corrected Dynamic Pressure, Radome        10.0
QCW          mbar   Raw Dynamic Pressure, Wing                10.0
QCWC         mbar   Corrected Dynamic Pressure, Wing          10.0
QCX          mbar   Raw Dynamic Pressure, Reference            0.0
QCXC         mbar   Corrected Dynamic Pressure, Reference      0.0
RHOCR        g/m3   Absolute Humidity: Cryogenic               5.0
RHODB        g/m3   Absolute Humidity: T-Electric, Bot         5.0
RHODT        g/M3   Absolute Humidity: T-Electric, Top         5.0
RHOLA        g/m3   Absolute Humidity: Lyman-alpha             5.0
RHUM         %      Relative Humidity                          0.0  100.0
RICE         Vdc    Raw Icing Rate Indicator                   0.0   10.0
ROLL         deg    Aircraft Roll Angle                      -45.0   45.0
RSTB         oC     Radiometric Surface Temperature           15.0
RSTT         oC     Radiometric Sky Temperature               15.0
SDWC1        cnts   PMS: 2D-C Probe Shadow OR Counts         500.0
SDWP1        cnts   PMS: 2D-P Probe Shadow OR Counts         500.0
SECOND       second Raw Tape Time                              0.0
SFMB         KVm-1  Sensitive Field Mill, Bot. Fuselage      100.0
SFMRB        KVm-1  Sensitive Field Mill, Bot. Radome        100.0
SFMRL        KVm-1  Sensitive Field Mill, Left Radome        100.0
SFMRR        KVm-1  Sensitive Field Mill, Right Radome       100.0
SFMRT        KVm-1  Sensitive Field Mill, Top Radome         100.0
SFMT         KVm-1  Sensitive Field Mill, Top Fuselage       100.0
SO2          ppb    Raw Sulfur Dioxide Output                  0.0   50.0
SO2C         ppb    Corrected Sulfur Dioxide Conc.             0.0   50.0
SO2P         mb     Sulfur Dioxide Internal Pressure         150.0
SSDF         deg    Sideslip Angle, Boom Diff. Pressure       -5.0    5.0
SSRD         deg    Sideslip Angle, Radome Diff. Press.       -5.0    5.0
STB          oC     Bottom Pyrgeometer Sink Temperature       10.0
STT          oC     Top Pyrgeometer Sink Temperature          10.0
SWB          W/m2   Shortwave Irradiance, Bottom               0.0 1000.0
SWT          W/m2   Shortwave Irradiance, Top                  0.0 1500.0
TADS         oC     ADS Cabinet Temperature                   10.0
TASB         m/s    Aircraft True Airspeed, Boom              25.0
TASF         M/s    Aircraft True Airspeed, Fuselage          25.0
TASR         M/s    Aircraft True Airspeed, Radome            25.0
TASW         M/s    Aircraft True Airspeed, Wing              25.0
TASX         M/s    Aircraft True Airspeed, Reference          0.0
TCAVB        oC     Cavity Temperature, Bottom PRT 5          35.0   50.0
TCAVT        oC     Cavity Temperature, top PRT 5             35.0   50.0
TEMP1        C      CN Counter Inlet Temperature              10.0
TEO3         ppb    Raw TECO Ozone Output                      0.0  150.0
TEO3C        ppb    Corrected TECO Ozone Conc.                 0.0  150.0
TEP          mb     Internal TECO O3 Sampling Press.         150.0
TET          oC     Internal TECO O3 Sampling Temp.           10.0
THC          ppb    Total Hydrocarbons (THC) Conc.           100.0
THCF         sccm   Total Hydrocarbons - Sample Flow         100.0
THCH2        sccm   Total Hydrocarbons - Hydrogen Flow       100.0
THDG         deg    Aircraft True Heading Angle                0.0  360.0
THETA        K      Potential Temperature                     12.5
THETAE       K      Equivalent Potential Temperature          12.5
THETAV       oC     Virtual Potential Temperature              0.0
TMLAG        s      LTN-51 ARINC Time Lag                      0.0    0.0
TPTIME       s      Unaltered Tape Time                        0.0    0.0
TTB          C      Total Temperature, Radome                 10.0
TTF          oC     Total Temperature, Fuselage               10.0
TTFH         oC     Total Temperature, Heated - Fuse.         10.0
TTRF         C      Total Temperature, Reverse Flow           10.0
TTW          C      Total Temperature, Wing                   10.0
TTWH         oC     Total Temperature, Heated - Wing          10.0
TTX          C      Total Temperature, Reference               0.0
UI           M/s    Wind Vector, East Component               10.0
UIC          m/s    GPS corrected Wind Vector, East Componen  10.0
UVB          W/m2   Ultraviolet Irradiance, Bottom             0.0   75.0
UVT          W/m2   Ultraviolet Irradiance, Top                0.0   75.0
UX           M/s    Wind Vector, Longitudinal Component       10.0
UXC          m/s    GPS corrected Wind Vector, Longitudinal   10.0
V10          Vdc    10 - Volt Reference                        5.0
VCRH         oC     Dew/Frost Point Temperature, Cryogenic    10.0
VEW          M/s    IRS Ground Speed Vector, East Comp.       50.0
VI           M/s    Wind Vector, North Component              10.0
VIC          m/s    GPS corrected Wind Vector, North Compone  10.0
VLA          Vdc    Raw Lyman-alpha Output                     2.5
VNS          M/s    IRS Ground Speed Vector, North Comp.      50.0
VSPD         M/s    IRS Aircraft Vertical Velocity             0.0
VY           M/s    Wind Vector, Latitudinal Component        10.0
VYC          m/s    GPS corrected Wind Vector, Latitudinal C  10.0
VZI          m/s    Aircraft Integrated Vertical Velocity     25.0
WD           deg    Horizontal Wind Direction                  0.0  360.0
WDC          deg    GPS corrected Horizontal Wind Direction    0.0  360.0
WI           M/s    Wind Vector, Vertical Gust Component      -5.0    5.0
WP3          M/s    Damped Aircraft Vertical Velocity         15.0
WS           M/s    Horizontal Wind Speed                     10.0
WSC          m/s    GPS corrected Horizontal Wind Speed       10.0
XFORF        Vdc    Formaldehyde Sample Flow Rate              0.0   10.0
XFORM        Vdc    Formaldehyde Analyzer Status               0.0   10.0
XFORS        Vdc    Raw Formaldehyde Signal Output             0.0   10.0
XFZV         Vdc    Fixed Zero Voltage -Ext.                   5.0
XICN         slpm   CN Isokinetic Side Flow Rate               0.0    5.0
XICNC        vlpm   Corrected CN Isokinetic Side Flow          0.0    5.0
XMACH2       none   Mach Number: Squared                       0.0
XV10         Vdc    10 - Volt Reference -Ext.                  5.0
